A D/Ag////
A D/Circ////
A D/MSG////
A D/OSC_perl////
A D/ag////
A D/ag0////
A D/ancient////
A D/ascii0////
A D/backforth////
A D/backforth0////
A D/backforthexp////
A D/box////
A D/choc////
A D/choc0////
A D/choc1////
A D/chr////
A D/chrmod////
A D/circ////
A D/circ0////
A D/circ1////
A D/circ2////
A D/circ3////
A D/circ4////
A D/control_send////
A D/fake////
A D/finger////
A D/finger0////
A D/finger1////
A D/fingers////
A D/fit////
A D/foo////
A D/innoc////
A D/kilt////
A D/kit////
A D/kyfeep////
A D/libOSC////
A D/line////
A D/line0////
A D/line1////
A D/loop////
A D/mailing_list////
A D/mask////
A D/min0////
A D/mkf////
A D/motion////
A D/movement////
A D/msg2gif////
A D/musk////
A D/old////
A D/old0////
A D/osc////
A D/oscout////
A D/oscout2////
A D/perm////
A D/permsynth////
A D/playback////
A D/quick////
A D/rand////
A D/sendOSC////
A D/sin_proxy////
A D/singlecell////
A D/snake////
A D/snakec////
A D/sonata////
A D/spin////
A D/spin0////
A D/spinmod////
A D/state////
A D/synthed////
A D/tap////
A D/test////
A D/tine////
A D/tkc////
A D/transmit////
A D/vib////
A D/vis0////
