1153348011.18389:0: *start*
1153348011.18389:0: 16 = ................
1153348019.54104:78: 16.3 = O..O..O..O..O...
1153348030.57675:181: 16.3.8+2 = O.OO..O..O..O...
1153348042.68389:294: 16.3.8+2.6 = O.OO..O..O..O...
1153348046.11247:326: 16.3.8+2.6+1 = OOOO..OO.O..O...
1153348051.25532:374: 16.4.8+2.6+1 = OOO.O..OO...O...
1153348054.25532:402: 16.4.5+2.6+1 = OOO.O..OO...O...
1153348056.82675:426: 16.4.3+2.6+1 = OOO.OO.OO..OO...
1153348061.86247:473: 16.4.3+2.6 = O.O.OOO.O..OO...
1153348067.54104:526: 16.4.4+2.6 = O.O.O.O.O.O.O...
1153348070.64818:555: 16.4+2.6 = O.O...O...O.....
1153348077.50532:619: 16.4+2.6!4.2 = O.O.O.O.O.O.O.O.
1153348081.04104:652: 16.4+2.6!4+2 = O...............
1153348085.21961:691: 16.4+2.3!4+2 = O..O.....O..O...
1153348093.57675:769: 16.4+3.3!4+2 = O..O...O.O.OO...
1153348101.71961:845: 16.4+3.3!4+2+4 = O..O...O.O.OO...
1153348105.36247:879: 16.4+3.3!6+2+4 = O..O..OO.O.OO...
1153348112.21961:943: 32.4+3.3!6+2+4 = O..O..OO.O.OO..O..OO.O.OO..O....
1153348124.86247:1061: 32+3.3!6+2+4 = O..O..O..O..O..O..O..O..O..O....
1153348126.79104:1079: 32.3!6+2+4 = O..O..O..O..O..O..O..O..O..O....
1153348131.39818:1122: 32.+2+4 = ................................
1153348163.75532:0: *start*
1153348163.75532:0: 16 = ................
1153348182.71961:177: 16.4 = O...O...O...O...
1153348190.54104:250: 32.4 = O...O...O...O...O...O...O...O...
1153348197.07675:311: 32.4.2+32 = O...O...O...O...O...O...O...O...
1153348199.54104:334: 32.4.2+32 = O...O...O...O...O...O...O...O...
1153348203.82675:374: 32.4.2+116 = O...O...O...O...O...O...O...O...
1153348205.86247:393: 32.4.2+2 = O.O.O.O.O.O.O.O.O.O.O.O.O.O.O.O.
1153348206.39818:398: 32.4.2+20 = O...O...O...O...O...O.O.O.O.O.O.
1153348216.89818:496: 32.4.2+20 = O...O...O...O...O...O.O.O.O.O.O.
1153348220.96961:534: 32.4.2+20!3 = ....O...O.......O...O.O...O.O.O.
1153348223.21961:555: 32.4.2+20!3+2 = O...O.......O...O.....O.O...O.O.
1153348226.75532:588: 32.4.2+20!3+1 = O.......O...O.......O...O.O...O.
1153348240.04104:712: 64.4.2+20!3+1 = O.......O...O.......O...O.O...O.O...O.O...O.O...O.O...O.O...O.O.
1153348255.25532:854: 64.4.2+20!3+1+3 = O.......O...O.......O...O.O...O.O...O.O...O.O...O.O...O.O...O.O.
1153348258.79104:887: 64.4.2+20!3+1.3 = O..O..O.OO..O..O..O.OO..O.OO..O.OO..O.OO..O.OO..O.OO..O.OO..O.O.
1153348264.68389:942: 64.4.2+20!3+1.4 = O...O...O...O...O...O...O.O.O.O.O...O.O.O.O.O...O.O.O.O.O...O.O.
1153348270.14818:993: 64.4.2+20!3+2.4 = O...O...O...O...O...O.O.O...O.O.O.O.O...O.O.O.O.O...O.O.O.O.O.O.
1153348277.75532:1064: 20.4.2+20!3+2.4 = O...O...O...O...O...
1153348285.79104:1139: 20.4.3 = O..OO.O.OO..O..OO...
1153348296.71961:1241: 20.4.3!5+1 = O..OO...OO..O..OO...
1153348300.14818:1273: 20.4.3!5+2 = O..OO.O.OO.....OO...
1153348302.07675:1291: 20.4.3!5+3 = O...O.O..O..O..OO...
1153348310.21961:1367: 20.4.3!5+3 = O...O.O..O..O..OO...
1153348319.96961:1458: 24.4.3!5+3 = O...O.O..O..O..OO...OO..
1153348328.43389:1537: 28.4.3!5+3 = O...O.O..O..O..OO...OO..O...
1153348334.86247:1597: 29.4.3!5+3 = O...O.O..O..O..OO...OO..O....
1153348343.64818:1679: 32.4.3!5+3 = O...O.O..O..O..OO...OO..O..OO...
1153348346.54104:1706: 12.4.3!5+3 = O...O.O.OO..
1153348348.04104:1720: 129.4.3!5+3 = O...O.O..O..O..OO...OO..O..O..O.O...O..OO.O.OO.....OO.O.OO..O...O.O..O..O..OO...OO..O..O..O.O...O..OO.O.OO.....OO.O.OO..O...O.O..
1153348349.11247:1730: 1.4.3!5+3 = .
1153348349.96961:1738: 18.4.3!5+3 = O...O.O..O..O..O..
1153348351.25532:1750: 1.4.3!5+3 = .
1153348356.29104:1797: 1.1 = O
1153672215.18389:0: *start*
1153672215.18389:0: 20.4.3!5+3 = O...O.O..O..O..OO...
