This file contains any messages produced by compilers while
running configure, to aid debugging if configure makes a mistake.

It was created by libOMC configure 0.1, which was
generated by GNU Autoconf 2.59.  Invocation command line was

  $ ./configure 

## --------- ##
## Platform. ##
## --------- ##

hostname = yax
uname -m = i686
uname -r = 2.6.10-1-686
uname -s = Linux
uname -v = #1 Mon Jan 3 17:31:20 UTC 2005

/usr/bin/uname -p = unknown
/bin/uname -X     = unknown

/bin/arch              = i686
/usr/bin/arch -k       = unknown
/usr/convex/getsysinfo = unknown
hostinfo               = unknown
/bin/machine           = unknown
/usr/bin/oslevel       = unknown
/bin/universe          = unknown

PATH: /usr/local/bin
PATH: /usr/local/sbin
PATH: /sbin
PATH: /usr/sbin
PATH: /bin
PATH: /usr/bin
PATH: /usr/bin/X11
PATH: /usr/games


## ----------- ##
## Core tests. ##
## ----------- ##

configure:1549: checking for a BSD-compatible install
configure:1604: result: /usr/bin/install -c
configure:1615: checking whether build environment is sane
configure:1658: result: yes
configure:1673: checking whether make sets $(MAKE)
configure:1693: result: yes
configure:1725: checking for working aclocal-1.4
configure:1732: result: found
configure:1740: checking for working autoconf
configure:1747: result: found
configure:1755: checking for working automake-1.4
configure:1762: result: found
configure:1770: checking for working autoheader
configure:1777: result: found
configure:1785: checking for working makeinfo
configure:1792: result: found
configure:1855: checking for gcc
configure:1871: found /usr/bin/gcc
configure:1881: result: gcc
configure:2125: checking for C compiler version
configure:2128: gcc --version </dev/null >&5
gcc (GCC) 3.3.5 (Debian 1:3.3.5-5)
Copyright (C) 2003 Free Software Foundation, Inc.
This is free software; see the source for copying conditions.  There is NO
warranty; not even for MERCHANTABILITY or FITNESS FOR A PARTICULAR PURPOSE.

configure:2131: $? = 0
configure:2133: gcc -v </dev/null >&5
Reading specs from /usr/lib/gcc-lib/i486-linux/3.3.5/specs
Configured with: ../src/configure -v --enable-languages=c,c++,java,f77,pascal,objc,ada,treelang --prefix=/usr --mandir=/usr/share/man --infodir=/usr/share/info --with-gxx-include-dir=/usr/include/c++/3.3 --enable-shared --with-system-zlib --enable-nls --without-included-gettext --enable-__cxa_atexit --enable-clocale=gnu --enable-debug --enable-java-gc=boehm --enable-java-awt=xlib --enable-objc-gc i486-linux
Thread model: posix
gcc version 3.3.5 (Debian 1:3.3.5-5)
configure:2136: $? = 0
configure:2138: gcc -V </dev/null >&5
gcc: `-V' option must have argument
configure:2141: $? = 1
configure:2164: checking for C compiler default output file name
configure:2167: gcc    conftest.c  >&5
configure:2170: $? = 0
configure:2216: result: a.out
configure:2221: checking whether the C compiler works
configure:2227: ./a.out
configure:2230: $? = 0
configure:2247: result: yes
configure:2254: checking whether we are cross compiling
configure:2256: result: no
configure:2259: checking for suffix of executables
configure:2261: gcc -o conftest    conftest.c  >&5
configure:2264: $? = 0
configure:2289: result: 
configure:2295: checking for suffix of object files
configure:2316: gcc -c   conftest.c >&5
configure:2319: $? = 0
configure:2341: result: o
configure:2345: checking whether we are using the GNU C compiler
configure:2369: gcc -c   conftest.c >&5
configure:2375: $? = 0
configure:2378: test -z 			 || test ! -s conftest.err
configure:2381: $? = 0
configure:2384: test -s conftest.o
configure:2387: $? = 0
configure:2400: result: yes
configure:2406: checking whether gcc accepts -g
configure:2427: gcc -c -g  conftest.c >&5
configure:2433: $? = 0
configure:2436: test -z 			 || test ! -s conftest.err
configure:2439: $? = 0
configure:2442: test -s conftest.o
configure:2445: $? = 0
configure:2456: result: yes
configure:2473: checking for gcc option to accept ANSI C
configure:2543: gcc  -c -g -O2  conftest.c >&5
configure:2549: $? = 0
configure:2552: test -z 			 || test ! -s conftest.err
configure:2555: $? = 0
configure:2558: test -s conftest.o
configure:2561: $? = 0
configure:2579: result: none needed
configure:2597: gcc -c -g -O2  conftest.c >&5
conftest.c:2: error: parse error before "me"
configure:2603: $? = 1
configure: failed program was:
| #ifndef __cplusplus
|   choke me
| #endif
configure:2811: checking build system type
configure:2829: result: i686-pc-linux-gnu
configure:2837: checking host system type
configure:2851: result: i686-pc-linux-gnu
configure:2859: checking for a sed that does not truncate output
configure:2913: result: /bin/sed
configure:2916: checking for egrep
configure:2926: result: grep -E
configure:2942: checking for ld used by gcc
configure:3009: result: /usr/bin/ld
configure:3018: checking if the linker (/usr/bin/ld) is GNU ld
configure:3033: result: yes
configure:3038: checking for /usr/bin/ld option to reload object files
configure:3045: result: -r
configure:3054: checking for BSD-compatible nm
configure:3096: result: /usr/bin/nm -B
configure:3100: checking whether ln -s works
configure:3104: result: yes
configure:3111: checking how to recognise dependent libraries
configure:3285: result: pass_all
configure:3498: checking how to run the C preprocessor
configure:3533: gcc -E  conftest.c
configure:3539: $? = 0
configure:3571: gcc -E  conftest.c
conftest.c:11:28: ac_nonexistent.h: No such file or directory
configure:3577: $? = 1
configure: failed program was:
| /* confdefs.h.  */
| 
| #define PACKAGE_NAME "libOMC"
| #define PACKAGE_TARNAME "libomc"
| #define PACKAGE_VERSION "0.1"
| #define PACKAGE_STRING "libOMC 0.1"
| #define PACKAGE_BUGREPORT "piksel"
| #define PACKAGE "AC_PACKAGE_NAME"
| #define VERSION "AC_PACKAGE_VERSION"
| /* end confdefs.h.  */
| #include <ac_nonexistent.h>
configure:3616: result: gcc -E
configure:3640: gcc -E  conftest.c
configure:3646: $? = 0
configure:3678: gcc -E  conftest.c
conftest.c:11:28: ac_nonexistent.h: No such file or directory
configure:3684: $? = 1
configure: failed program was:
| /* confdefs.h.  */
| 
| #define PACKAGE_NAME "libOMC"
| #define PACKAGE_TARNAME "libomc"
| #define PACKAGE_VERSION "0.1"
| #define PACKAGE_STRING "libOMC 0.1"
| #define PACKAGE_BUGREPORT "piksel"
| #define PACKAGE "AC_PACKAGE_NAME"
| #define VERSION "AC_PACKAGE_VERSION"
| /* end confdefs.h.  */
| #include <ac_nonexistent.h>
configure:3728: checking for ANSI C header files
configure:3753: gcc -c -g -O2  conftest.c >&5
configure:3759: $? = 0
configure:3762: test -z 			 || test ! -s conftest.err
configure:3765: $? = 0
configure:3768: test -s conftest.o
configure:3771: $? = 0
configure:3860: gcc -o conftest -g -O2   conftest.c  >&5
configure:3863: $? = 0
configure:3865: ./conftest
configure:3868: $? = 0
configure:3883: result: yes
configure:3907: checking for sys/types.h
configure:3923: gcc -c -g -O2  conftest.c >&5
configure:3929: $? = 0
configure:3932: test -z 			 || test ! -s conftest.err
configure:3935: $? = 0
configure:3938: test -s conftest.o
configure:3941: $? = 0
configure:3952: result: yes
configure:3907: checking for sys/stat.h
configure:3923: gcc -c -g -O2  conftest.c >&5
configure:3929: $? = 0
configure:3932: test -z 			 || test ! -s conftest.err
configure:3935: $? = 0
configure:3938: test -s conftest.o
configure:3941: $? = 0
configure:3952: result: yes
configure:3907: checking for stdlib.h
configure:3923: gcc -c -g -O2  conftest.c >&5
configure:3929: $? = 0
configure:3932: test -z 			 || test ! -s conftest.err
configure:3935: $? = 0
configure:3938: test -s conftest.o
configure:3941: $? = 0
configure:3952: result: yes
configure:3907: checking for string.h
configure:3923: gcc -c -g -O2  conftest.c >&5
configure:3929: $? = 0
configure:3932: test -z 			 || test ! -s conftest.err
configure:3935: $? = 0
configure:3938: test -s conftest.o
configure:3941: $? = 0
configure:3952: result: yes
configure:3907: checking for memory.h
configure:3923: gcc -c -g -O2  conftest.c >&5
configure:3929: $? = 0
configure:3932: test -z 			 || test ! -s conftest.err
configure:3935: $? = 0
configure:3938: test -s conftest.o
configure:3941: $? = 0
configure:3952: result: yes
configure:3907: checking for strings.h
configure:3923: gcc -c -g -O2  conftest.c >&5
configure:3929: $? = 0
configure:3932: test -z 			 || test ! -s conftest.err
configure:3935: $? = 0
configure:3938: test -s conftest.o
configure:3941: $? = 0
configure:3952: result: yes
configure:3907: checking for inttypes.h
configure:3923: gcc -c -g -O2  conftest.c >&5
configure:3929: $? = 0
configure:3932: test -z 			 || test ! -s conftest.err
configure:3935: $? = 0
configure:3938: test -s conftest.o
configure:3941: $? = 0
configure:3952: result: yes
configure:3907: checking for stdint.h
configure:3923: gcc -c -g -O2  conftest.c >&5
configure:3929: $? = 0
configure:3932: test -z 			 || test ! -s conftest.err
configure:3935: $? = 0
configure:3938: test -s conftest.o
configure:3941: $? = 0
configure:3952: result: yes
configure:3907: checking for unistd.h
configure:3923: gcc -c -g -O2  conftest.c >&5
configure:3929: $? = 0
configure:3932: test -z 			 || test ! -s conftest.err
configure:3935: $? = 0
configure:3938: test -s conftest.o
configure:3941: $? = 0
configure:3952: result: yes
configure:3978: checking dlfcn.h usability
configure:3990: gcc -c -g -O2  conftest.c >&5
configure:3996: $? = 0
configure:3999: test -z 			 || test ! -s conftest.err
configure:4002: $? = 0
configure:4005: test -s conftest.o
configure:4008: $? = 0
configure:4018: result: yes
configure:4022: checking dlfcn.h presence
configure:4032: gcc -E  conftest.c
configure:4038: $? = 0
configure:4058: result: yes
configure:4093: checking for dlfcn.h
configure:4100: result: yes
configure:4165: checking for g++
configure:4181: found /usr/bin/g++
configure:4191: result: g++
configure:4207: checking for C++ compiler version
configure:4210: g++ --version </dev/null >&5
g++ (GCC) 3.3.5 (Debian 1:3.3.5-5)
Copyright (C) 2003 Free Software Foundation, Inc.
This is free software; see the source for copying conditions.  There is NO
warranty; not even for MERCHANTABILITY or FITNESS FOR A PARTICULAR PURPOSE.

configure:4213: $? = 0
configure:4215: g++ -v </dev/null >&5
Reading specs from /usr/lib/gcc-lib/i486-linux/3.3.5/specs
Configured with: ../src/configure -v --enable-languages=c,c++,java,f77,pascal,objc,ada,treelang --prefix=/usr --mandir=/usr/share/man --infodir=/usr/share/info --with-gxx-include-dir=/usr/include/c++/3.3 --enable-shared --with-system-zlib --enable-nls --without-included-gettext --enable-__cxa_atexit --enable-clocale=gnu --enable-debug --enable-java-gc=boehm --enable-java-awt=xlib --enable-objc-gc i486-linux
Thread model: posix
gcc version 3.3.5 (Debian 1:3.3.5-5)
configure:4218: $? = 0
configure:4220: g++ -V </dev/null >&5
g++: `-V' option must have argument
configure:4223: $? = 1
configure:4226: checking whether we are using the GNU C++ compiler
configure:4250: g++ -c   conftest.cc >&5
configure:4256: $? = 0
configure:4259: test -z 			 || test ! -s conftest.err
configure:4262: $? = 0
configure:4265: test -s conftest.o
configure:4268: $? = 0
configure:4281: result: yes
configure:4287: checking whether g++ accepts -g
configure:4308: g++ -c -g  conftest.cc >&5
configure:4314: $? = 0
configure:4317: test -z 			 || test ! -s conftest.err
configure:4320: $? = 0
configure:4323: test -s conftest.o
configure:4326: $? = 0
configure:4337: result: yes
configure:4379: g++ -c -g -O2  conftest.cc >&5
configure:4385: $? = 0
configure:4388: test -z 			 || test ! -s conftest.err
configure:4391: $? = 0
configure:4394: test -s conftest.o
configure:4397: $? = 0
configure:4423: g++ -c -g -O2  conftest.cc >&5
conftest.cc: In function `int main()':
conftest.cc:26: error: `exit' undeclared (first use this function)
conftest.cc:26: error: (Each undeclared identifier is reported only once for 
   each function it appears in.)
configure:4429: $? = 1
configure: failed program was:
| /* confdefs.h.  */
| 
| #define PACKAGE_NAME "libOMC"
| #define PACKAGE_TARNAME "libomc"
| #define PACKAGE_VERSION "0.1"
| #define PACKAGE_STRING "libOMC 0.1"
| #define PACKAGE_BUGREPORT "piksel"
| #define PACKAGE "AC_PACKAGE_NAME"
| #define VERSION "AC_PACKAGE_VERSION"
| #define STDC_HEADERS 1
| #define HAVE_SYS_TYPES_H 1
| #define HAVE_SYS_STAT_H 1
| #define HAVE_STDLIB_H 1
| #define HAVE_STRING_H 1
| #define HAVE_MEMORY_H 1
| #define HAVE_STRINGS_H 1
| #define HAVE_INTTYPES_H 1
| #define HAVE_STDINT_H 1
| #define HAVE_UNISTD_H 1
| #define HAVE_DLFCN_H 1
| /* end confdefs.h.  */
| 
| int
| main ()
| {
| exit (42);
|   ;
|   return 0;
| }
configure:4379: g++ -c -g -O2  conftest.cc >&5
configure:4385: $? = 0
configure:4388: test -z 			 || test ! -s conftest.err
configure:4391: $? = 0
configure:4394: test -s conftest.o
configure:4397: $? = 0
configure:4423: g++ -c -g -O2  conftest.cc >&5
configure:4429: $? = 0
configure:4432: test -z 			 || test ! -s conftest.err
configure:4435: $? = 0
configure:4438: test -s conftest.o
configure:4441: $? = 0
configure:4469: checking how to run the C++ preprocessor
configure:4500: g++ -E  conftest.cc
configure:4506: $? = 0
configure:4538: g++ -E  conftest.cc
conftest.cc:25:28: ac_nonexistent.h: No such file or directory
configure:4544: $? = 1
configure: failed program was:
| /* confdefs.h.  */
| 
| #define PACKAGE_NAME "libOMC"
| #define PACKAGE_TARNAME "libomc"
| #define PACKAGE_VERSION "0.1"
| #define PACKAGE_STRING "libOMC 0.1"
| #define PACKAGE_BUGREPORT "piksel"
| #define PACKAGE "AC_PACKAGE_NAME"
| #define VERSION "AC_PACKAGE_VERSION"
| #define STDC_HEADERS 1
| #define HAVE_SYS_TYPES_H 1
| #define HAVE_SYS_STAT_H 1
| #define HAVE_STDLIB_H 1
| #define HAVE_STRING_H 1
| #define HAVE_MEMORY_H 1
| #define HAVE_STRINGS_H 1
| #define HAVE_INTTYPES_H 1
| #define HAVE_STDINT_H 1
| #define HAVE_UNISTD_H 1
| #define HAVE_DLFCN_H 1
| #ifdef __cplusplus
| extern "C" void std::exit (int) throw (); using std::exit;
| #endif
| /* end confdefs.h.  */
| #include <ac_nonexistent.h>
configure:4583: result: g++ -E
configure:4607: g++ -E  conftest.cc
configure:4613: $? = 0
configure:4645: g++ -E  conftest.cc
conftest.cc:25:28: ac_nonexistent.h: No such file or directory
configure:4651: $? = 1
configure: failed program was:
| /* confdefs.h.  */
| 
| #define PACKAGE_NAME "libOMC"
| #define PACKAGE_TARNAME "libomc"
| #define PACKAGE_VERSION "0.1"
| #define PACKAGE_STRING "libOMC 0.1"
| #define PACKAGE_BUGREPORT "piksel"
| #define PACKAGE "AC_PACKAGE_NAME"
| #define VERSION "AC_PACKAGE_VERSION"
| #define STDC_HEADERS 1
| #define HAVE_SYS_TYPES_H 1
| #define HAVE_SYS_STAT_H 1
| #define HAVE_STDLIB_H 1
| #define HAVE_STRING_H 1
| #define HAVE_MEMORY_H 1
| #define HAVE_STRINGS_H 1
| #define HAVE_INTTYPES_H 1
| #define HAVE_STDINT_H 1
| #define HAVE_UNISTD_H 1
| #define HAVE_DLFCN_H 1
| #ifdef __cplusplus
| extern "C" void std::exit (int) throw (); using std::exit;
| #endif
| /* end confdefs.h.  */
| #include <ac_nonexistent.h>
configure:4746: checking for g77
configure:4775: result: no
configure:4746: checking for f77
configure:4775: result: no
configure:4746: checking for xlf
configure:4775: result: no
configure:4746: checking for frt
configure:4775: result: no
configure:4746: checking for pgf77
configure:4775: result: no
configure:4746: checking for fort77
configure:4775: result: no
configure:4746: checking for fl32
configure:4775: result: no
configure:4746: checking for af77
configure:4775: result: no
configure:4746: checking for f90
configure:4775: result: no
configure:4746: checking for xlf90
configure:4775: result: no
configure:4746: checking for pgf90
configure:4775: result: no
configure:4746: checking for epcf90
configure:4775: result: no
configure:4746: checking for f95
configure:4775: result: no
configure:4746: checking for fort
configure:4775: result: no
configure:4746: checking for xlf95
configure:4775: result: no
configure:4746: checking for ifc
configure:4775: result: no
configure:4746: checking for efc
configure:4775: result: no
configure:4746: checking for pgf95
configure:4775: result: no
configure:4746: checking for lf95
configure:4775: result: no
configure:4746: checking for gfortran
configure:4775: result: no
configure:4787: checking for Fortran 77 compiler version
configure:4790:  --version </dev/null >&5
./configure: line 4791: --version: command not found
configure:4793: $? = 127
configure:4795:  -v </dev/null >&5
./configure: line 4796: -v: command not found
configure:4798: $? = 127
configure:4800:  -V </dev/null >&5
./configure: line 4801: -V: command not found
configure:4803: $? = 127
configure:4811: checking whether we are using the GNU Fortran 77 compiler
configure:4825:  -c  conftest.F >&5
./configure: line 4826: -c: command not found
configure:4831: $? = 127
configure: failed program was:
|       program main
| #ifndef __GNUC__
|        choke me
| #endif
| 
|       end
configure:4856: result: no
configure:4862: checking whether  accepts -g
configure:4874:  -c -g conftest.f >&5
./configure: line 4875: -c: command not found
configure:4880: $? = 127
configure: failed program was:
|       program main
| 
|       end
configure:4904: result: no
configure:4934: checking the maximum length of command line arguments
configure:4999: result: 32768
configure:5010: checking command to parse /usr/bin/nm -B output from gcc object
configure:5099: gcc -c -g -O2  conftest.c >&5
configure:5102: $? = 0
configure:5106: /usr/bin/nm -B conftest.o \| sed -n -e 's/^.*[ 	]\([ABCDGIRSTW][ABCDGIRSTW]*\)[ 	][ 	]*\(\)\([_A-Za-z][_A-Za-z0-9]*\)$/\1 \2\3 \3/p' \> conftest.nm
configure:5109: $? = 0
configure:5161: gcc -o conftest -g -O2   conftest.c conftstm.o >&5
configure:5164: $? = 0
configure:5202: result: ok
configure:5206: checking for objdir
configure:5221: result: .libs
configure:5311: checking for ar
configure:5327: found /usr/bin/ar
configure:5338: result: ar
configure:5391: checking for ranlib
configure:5407: found /usr/bin/ranlib
configure:5418: result: ranlib
configure:5471: checking for strip
configure:5487: found /usr/bin/strip
configure:5498: result: strip
configure:5760: checking if gcc static flag  works
configure:5783: result: yes
configure:5801: checking if gcc supports -fno-rtti -fno-exceptions
configure:5819: gcc -c -g -O2  -fno-rtti -fno-exceptions conftest.c >&5
cc1: warning: "-fno-rtti" is valid for C++ but not for C/ObjC
configure:5823: $? = 0
configure:5834: result: no
configure:5849: checking for gcc option to produce PIC
configure:6026: result: -fPIC
configure:6034: checking if gcc PIC flag -fPIC works
configure:6052: gcc -c -g -O2  -fPIC -DPIC conftest.c >&5
configure:6056: $? = 0
configure:6067: result: yes
configure:6091: checking if gcc supports -c -o file.o
configure:6112: gcc -c -g -O2  -o out/conftest2.o conftest.c >&5
configure:6116: $? = 0
configure:6136: result: yes
configure:6162: checking whether the gcc linker (/usr/bin/ld) supports shared libraries
configure:7009: result: yes
configure:7035: checking whether -lc should be explicitly linked in
configure:7040: gcc -c -g -O2  conftest.c >&5
configure:7043: $? = 0
configure:7057: gcc -shared conftest.o  -v -Wl,-soname -Wl,conftest -o conftest 2\>\&1 \| grep  -lc  \>/dev/null 2\>\&1
configure:7060: $? = 0
configure:7072: result: no
configure:7080: checking dynamic linker characteristics
configure:7632: result: GNU/Linux ld.so
configure:7636: checking how to hardcode library paths into programs
configure:7661: result: immediate
configure:7675: checking whether stripping libraries is possible
configure:7680: result: yes
configure:8503: checking if libtool supports shared libraries
configure:8505: result: yes
configure:8508: checking whether to build shared libraries
configure:8566: result: yes
configure:8569: checking whether to build static libraries
configure:8573: result: yes
configure:8665: creating libtool
configure:9212: checking for ld used by g++
configure:9279: result: /usr/bin/ld
configure:9288: checking if the linker (/usr/bin/ld) is GNU ld
configure:9303: result: yes
configure:9354: checking whether the g++ linker (/usr/bin/ld) supports shared libraries
configure:10180: result: yes
configure:10198: g++ -c -g -O2  conftest.cc >&5
configure:10201: $? = 0
configure:10297: checking for g++ option to produce PIC
configure:10549: result: -fPIC
configure:10557: checking if g++ PIC flag -fPIC works
configure:10575: g++ -c -g -O2  -fPIC -DPIC conftest.cc >&5
configure:10579: $? = 0
configure:10590: result: yes
configure:10614: checking if g++ supports -c -o file.o
configure:10635: g++ -c -g -O2  -o out/conftest2.o conftest.cc >&5
configure:10639: $? = 0
configure:10659: result: yes
configure:10685: checking whether the g++ linker (/usr/bin/ld) supports shared libraries
configure:10713: result: yes
configure:10784: checking dynamic linker characteristics
configure:11336: result: GNU/Linux ld.so
configure:11340: checking how to hardcode library paths into programs
configure:11365: result: immediate
configure:11379: checking whether stripping libraries is possible
configure:11384: result: yes
configure:18629: checking for ANSI C header files
configure:18784: result: yes
configure:18801: checking for stdlib.h
configure:18806: result: yes
configure:18801: checking for string.h
configure:18806: result: yes
configure:18810: checking sys/time.h usability
configure:18822: gcc -c -g -O2  conftest.c >&5
configure:18828: $? = 0
configure:18831: test -z 			 || test ! -s conftest.err
configure:18834: $? = 0
configure:18837: test -s conftest.o
configure:18840: $? = 0
configure:18850: result: yes
configure:18854: checking sys/time.h presence
configure:18864: gcc -E  conftest.c
configure:18870: $? = 0
configure:18890: result: yes
configure:18925: checking for sys/time.h
configure:18932: result: yes
configure:18947: checking for an ANSI C-conforming const
configure:19014: gcc -c -g -O2  conftest.c >&5
configure:19020: $? = 0
configure:19023: test -z 			 || test ! -s conftest.err
configure:19026: $? = 0
configure:19029: test -s conftest.o
configure:19032: $? = 0
configure:19043: result: yes
configure:19060: checking for stdlib.h
configure:19065: result: yes
configure:19204: checking for GNU libc compatible malloc
configure:19233: gcc -o conftest -g -O2   conftest.c  >&5
configure:19236: $? = 0
configure:19238: ./conftest
configure:19241: $? = 0
configure:19255: result: yes
configure:19289: checking for memset
configure:19346: gcc -o conftest -g -O2   conftest.c  >&5
conftest.c:55: warning: conflicting types for built-in function `memset'
configure:19352: $? = 0
configure:19355: test -z 			 || test ! -s conftest.err
configure:19358: $? = 0
configure:19361: test -s conftest
configure:19364: $? = 0
configure:19376: result: yes
configure:19487: creating ./config.status

## ---------------------- ##
## Running config.status. ##
## ---------------------- ##

This file was extended by libOMC config.status 0.1, which was
generated by GNU Autoconf 2.59.  Invocation command line was

  CONFIG_FILES    = 
  CONFIG_HEADERS  = 
  CONFIG_LINKS    = 
  CONFIG_COMMANDS = 
  $ ./config.status 

on yax

config.status:733: creating Makefile
config.status:733: creating src/Makefile
config.status:799: creating config.h
config.status:921: config.h is unchanged
config.status:1079: executing default-1 commands

## ---------------- ##
## Cache variables. ##
## ---------------- ##

ac_cv_build=i686-pc-linux-gnu
ac_cv_build_alias=i686-pc-linux-gnu
ac_cv_c_compiler_gnu=yes
ac_cv_c_const=yes
ac_cv_cxx_compiler_gnu=yes
ac_cv_env_CC_set=
ac_cv_env_CC_value=
ac_cv_env_CFLAGS_set=
ac_cv_env_CFLAGS_value=
ac_cv_env_CPPFLAGS_set=
ac_cv_env_CPPFLAGS_value=
ac_cv_env_CPP_set=
ac_cv_env_CPP_value=
ac_cv_env_CXXCPP_set=
ac_cv_env_CXXCPP_value=
ac_cv_env_CXXFLAGS_set=
ac_cv_env_CXXFLAGS_value=
ac_cv_env_CXX_set=
ac_cv_env_CXX_value=
ac_cv_env_F77_set=
ac_cv_env_F77_value=
ac_cv_env_FFLAGS_set=
ac_cv_env_FFLAGS_value=
ac_cv_env_LDFLAGS_set=
ac_cv_env_LDFLAGS_value=
ac_cv_env_build_alias_set=
ac_cv_env_build_alias_value=
ac_cv_env_host_alias_set=
ac_cv_env_host_alias_value=
ac_cv_env_target_alias_set=
ac_cv_env_target_alias_value=
ac_cv_exeext=
ac_cv_f77_compiler_gnu=no
ac_cv_func_malloc_0_nonnull=yes
ac_cv_func_memset=yes
ac_cv_header_dlfcn_h=yes
ac_cv_header_inttypes_h=yes
ac_cv_header_memory_h=yes
ac_cv_header_stdc=yes
ac_cv_header_stdint_h=yes
ac_cv_header_stdlib_h=yes
ac_cv_header_string_h=yes
ac_cv_header_strings_h=yes
ac_cv_header_sys_stat_h=yes
ac_cv_header_sys_time_h=yes
ac_cv_header_sys_types_h=yes
ac_cv_header_unistd_h=yes
ac_cv_host=i686-pc-linux-gnu
ac_cv_host_alias=i686-pc-linux-gnu
ac_cv_objext=o
ac_cv_path_install='/usr/bin/install -c'
ac_cv_prog_CPP='gcc -E'
ac_cv_prog_CXXCPP='g++ -E'
ac_cv_prog_ac_ct_AR=ar
ac_cv_prog_ac_ct_CC=gcc
ac_cv_prog_ac_ct_CXX=g++
ac_cv_prog_ac_ct_RANLIB=ranlib
ac_cv_prog_ac_ct_STRIP=strip
ac_cv_prog_cc_g=yes
ac_cv_prog_cc_stdc=
ac_cv_prog_cxx_g=yes
ac_cv_prog_egrep='grep -E'
ac_cv_prog_f77_g=no
ac_cv_prog_make_make_set=yes
lt_cv_deplibs_check_method=pass_all
lt_cv_file_magic_cmd='$MAGIC_CMD'
lt_cv_file_magic_test_file=
lt_cv_ld_reload_flag=-r
lt_cv_objdir=.libs
lt_cv_path_LD=/usr/bin/ld
lt_cv_path_LDCXX=/usr/bin/ld
lt_cv_path_NM='/usr/bin/nm -B'
lt_cv_path_SED=/bin/sed
lt_cv_prog_compiler_c_o=yes
lt_cv_prog_compiler_c_o_CXX=yes
lt_cv_prog_compiler_rtti_exceptions=no
lt_cv_prog_gnu_ld=yes
lt_cv_prog_gnu_ldcxx=yes
lt_cv_sys_global_symbol_pipe='sed -n -e '\''s/^.*[ 	]\([ABCDGIRSTW][ABCDGIRSTW]*\)[ 	][ 	]*\(\)\([_A-Za-z][_A-Za-z0-9]*\)$/\1 \2\3 \3/p'\'''
lt_cv_sys_global_symbol_to_c_name_address='sed -n -e '\''s/^: \([^ ]*\) $/  {\"\1\", (lt_ptr) 0},/p'\'' -e '\''s/^[BCDEGRST] \([^ ]*\) \([^ ]*\)$/  {"\2", (lt_ptr) \&\2},/p'\'''
lt_cv_sys_global_symbol_to_cdecl='sed -n -e '\''s/^. .* \(.*\)$/extern int \1;/p'\'''
lt_cv_sys_max_cmd_len=32768
lt_lt_cv_prog_compiler_c_o='"yes"'
lt_lt_cv_prog_compiler_c_o_CXX='"yes"'
lt_lt_cv_sys_global_symbol_pipe='"sed -n -e '\''s/^.*[ 	]\\([ABCDGIRSTW][ABCDGIRSTW]*\\)[ 	][ 	]*\\(\\)\\([_A-Za-z][_A-Za-z0-9]*\\)\$/\\1 \\2\\3 \\3/p'\''"'
lt_lt_cv_sys_global_symbol_to_c_name_address='"sed -n -e '\''s/^: \\([^ ]*\\) \$/  {\\\"\\1\\\", (lt_ptr) 0},/p'\'' -e '\''s/^[BCDEGRST] \\([^ ]*\\) \\([^ ]*\\)\$/  {\"\\2\", (lt_ptr) \\&\\2},/p'\''"'
lt_lt_cv_sys_global_symbol_to_cdecl='"sed -n -e '\''s/^. .* \\(.*\\)\$/extern int \\1;/p'\''"'

## ----------------- ##
## Output variables. ##
## ----------------- ##

ACLOCAL='aclocal-1.4'
AR='ar'
AUTOCONF='autoconf'
AUTOHEADER='autoheader'
AUTOMAKE='automake-1.4'
CC='gcc'
CFLAGS='-g -O2'
CPP='gcc -E'
CPPFLAGS=''
CXX='g++'
CXXCPP='g++ -E'
CXXFLAGS='-g -O2'
DEFS='-DHAVE_CONFIG_H'
ECHO='echo'
ECHO_C=''
ECHO_N='-n'
ECHO_T=''
EGREP='grep -E'
EXEEXT=''
F77=''
FFLAGS=''
INSTALL_DATA='${INSTALL} -m 644'
INSTALL_PROGRAM='${INSTALL}'
INSTALL_SCRIPT='${INSTALL}'
LDFLAGS=''
LIBOBJS=''
LIBS=''
LIBTOOL='$(SHELL) $(top_builddir)/libtool'
LN_S='ln -s'
LTLIBOBJS=''
MAKEINFO='makeinfo'
OBJEXT='o'
PACKAGE='AC_PACKAGE_NAME'
PACKAGE_BUGREPORT='piksel'
PACKAGE_NAME='libOMC'
PACKAGE_STRING='libOMC 0.1'
PACKAGE_TARNAME='libomc'
PACKAGE_VERSION='0.1'
PATH_SEPARATOR=':'
RANLIB='ranlib'
SET_MAKE=''
SHELL='/bin/sh'
STRIP='strip'
VERSION='AC_PACKAGE_VERSION'
ac_ct_AR='ar'
ac_ct_CC='gcc'
ac_ct_CXX='g++'
ac_ct_F77=''
ac_ct_RANLIB='ranlib'
ac_ct_STRIP='strip'
bindir='${exec_prefix}/bin'
build='i686-pc-linux-gnu'
build_alias=''
build_cpu='i686'
build_os='linux-gnu'
build_vendor='pc'
datadir='${prefix}/share'
exec_prefix='${prefix}'
host='i686-pc-linux-gnu'
host_alias=''
host_cpu='i686'
host_os='linux-gnu'
host_vendor='pc'
includedir='${prefix}/include'
infodir='${prefix}/info'
libdir='${exec_prefix}/lib'
libexecdir='${exec_prefix}/libexec'
localstatedir='${prefix}/var'
mandir='${prefix}/man'
oldincludedir='/usr/include'
prefix='/usr/local'
program_transform_name='s,x,x,'
sbindir='${exec_prefix}/sbin'
sharedstatedir='${prefix}/com'
sysconfdir='${prefix}/etc'
target_alias=''

## ----------- ##
## confdefs.h. ##
## ----------- ##

#define HAVE_DLFCN_H 1
#define HAVE_INTTYPES_H 1
#define HAVE_MALLOC 1
#define HAVE_MEMORY_H 1
#define HAVE_MEMSET 1
#define HAVE_STDINT_H 1
#define HAVE_STDLIB_H 1
#define HAVE_STDLIB_H 1
#define HAVE_STDLIB_H 1
#define HAVE_STRINGS_H 1
#define HAVE_STRING_H 1
#define HAVE_STRING_H 1
#define HAVE_SYS_STAT_H 1
#define HAVE_SYS_TIME_H 1
#define HAVE_SYS_TYPES_H 1
#define HAVE_UNISTD_H 1
#define PACKAGE "AC_PACKAGE_NAME"
#define PACKAGE_BUGREPORT "piksel"
#define PACKAGE_NAME "libOMC"
#define PACKAGE_STRING "libOMC 0.1"
#define PACKAGE_TARNAME "libomc"
#define PACKAGE_VERSION "0.1"
#define STDC_HEADERS 1
#define STDC_HEADERS 1
#define VERSION "AC_PACKAGE_VERSION"
#endif
#ifdef __cplusplus
extern "C" void std::exit (int) throw (); using std::exit;

configure: exit 0

## ---------------------- ##
## Running config.status. ##
## ---------------------- ##

This file was extended by libOMC config.status 0.1, which was
generated by GNU Autoconf 2.59.  Invocation command line was

  CONFIG_FILES    = 
  CONFIG_HEADERS  = [config.h]
  CONFIG_LINKS    = 
  CONFIG_COMMANDS = 
  $ ./config.status 

on yax

config.status:799: creating [config.h]
config.status:849: error: cannot find input file: [config.h].in
