This file contains any messages produced by compilers while
running configure, to aid debugging if configure makes a mistake.

It was created by liblo configure 0.16, which was
generated by GNU Autoconf 2.59.  Invocation command line was

  $ ./configure 

## --------- ##
## Platform. ##
## --------- ##

hostname = yax
uname -m = i686
uname -r = 2.6.10-1-686
uname -s = Linux
uname -v = #1 Mon Jan 3 17:31:20 UTC 2005

/usr/bin/uname -p = unknown
/bin/uname -X     = unknown

/bin/arch              = i686
/usr/bin/arch -k       = unknown
/usr/convex/getsysinfo = unknown
hostinfo               = unknown
/bin/machine           = unknown
/usr/bin/oslevel       = unknown
/bin/universe          = unknown

PATH: /usr/local/bin
PATH: /usr/local/sbin
PATH: /sbin
PATH: /usr/sbin
PATH: /bin
PATH: /usr/bin
PATH: /usr/bin/X11
PATH: /usr/games


## ----------- ##
## Core tests. ##
## ----------- ##

configure:1571: checking for a BSD-compatible install
configure:1626: result: /usr/bin/install -c
configure:1637: checking whether build environment is sane
configure:1680: result: yes
configure:1737: checking for gawk
configure:1766: result: no
configure:1737: checking for mawk
configure:1753: found /usr/bin/mawk
configure:1763: result: mawk
configure:1773: checking whether make sets $(MAKE)
configure:1793: result: yes
configure:2055: checking for gcc
configure:2071: found /usr/bin/gcc
configure:2081: result: gcc
configure:2325: checking for C compiler version
configure:2328: gcc --version </dev/null >&5
gcc (GCC) 3.3.5 (Debian 1:3.3.5-5)
Copyright (C) 2003 Free Software Foundation, Inc.
This is free software; see the source for copying conditions.  There is NO
warranty; not even for MERCHANTABILITY or FITNESS FOR A PARTICULAR PURPOSE.

configure:2331: $? = 0
configure:2333: gcc -v </dev/null >&5
Reading specs from /usr/lib/gcc-lib/i486-linux/3.3.5/specs
Configured with: ../src/configure -v --enable-languages=c,c++,java,f77,pascal,objc,ada,treelang --prefix=/usr --mandir=/usr/share/man --infodir=/usr/share/info --with-gxx-include-dir=/usr/include/c++/3.3 --enable-shared --with-system-zlib --enable-nls --without-included-gettext --enable-__cxa_atexit --enable-clocale=gnu --enable-debug --enable-java-gc=boehm --enable-java-awt=xlib --enable-objc-gc i486-linux
Thread model: posix
gcc version 3.3.5 (Debian 1:3.3.5-5)
configure:2336: $? = 0
configure:2338: gcc -V </dev/null >&5
gcc: `-V' option must have argument
configure:2341: $? = 1
configure:2364: checking for C compiler default output file name
configure:2367: gcc    conftest.c  >&5
configure:2370: $? = 0
configure:2416: result: a.out
configure:2421: checking whether the C compiler works
configure:2427: ./a.out
configure:2430: $? = 0
configure:2447: result: yes
configure:2454: checking whether we are cross compiling
configure:2456: result: no
configure:2459: checking for suffix of executables
configure:2461: gcc -o conftest    conftest.c  >&5
configure:2464: $? = 0
configure:2489: result: 
configure:2495: checking for suffix of object files
configure:2516: gcc -c   conftest.c >&5
configure:2519: $? = 0
configure:2541: result: o
configure:2545: checking whether we are using the GNU C compiler
configure:2569: gcc -c   conftest.c >&5
configure:2575: $? = 0
configure:2579: test -z 
			 || test ! -s conftest.err
configure:2582: $? = 0
configure:2585: test -s conftest.o
configure:2588: $? = 0
configure:2601: result: yes
configure:2607: checking whether gcc accepts -g
configure:2628: gcc -c -g  conftest.c >&5
configure:2634: $? = 0
configure:2638: test -z 
			 || test ! -s conftest.err
configure:2641: $? = 0
configure:2644: test -s conftest.o
configure:2647: $? = 0
configure:2658: result: yes
configure:2675: checking for gcc option to accept ANSI C
configure:2745: gcc  -c -g -O2  conftest.c >&5
configure:2751: $? = 0
configure:2755: test -z 
			 || test ! -s conftest.err
configure:2758: $? = 0
configure:2761: test -s conftest.o
configure:2764: $? = 0
configure:2782: result: none needed
configure:2800: gcc -c -g -O2  conftest.c >&5
conftest.c:2: error: parse error before "me"
configure:2806: $? = 1
configure: failed program was:
| #ifndef __cplusplus
|   choke me
| #endif
configure:2950: checking for style of include used by make
configure:2978: result: GNU
configure:3006: checking dependency style of gcc
configure:3091: result: gcc3
configure:3138: checking build system type
configure:3156: result: i686-pc-linux-gnu
configure:3164: checking host system type
configure:3178: result: i686-pc-linux-gnu
configure:3186: checking for a sed that does not truncate output
configure:3240: result: /bin/sed
configure:3243: checking for egrep
configure:3253: result: grep -E
configure:3269: checking for ld used by gcc
configure:3336: result: /usr/bin/ld
configure:3345: checking if the linker (/usr/bin/ld) is GNU ld
configure:3360: result: yes
configure:3365: checking for /usr/bin/ld option to reload object files
configure:3372: result: -r
configure:3381: checking for BSD-compatible nm
configure:3423: result: /usr/bin/nm -B
configure:3427: checking whether ln -s works
configure:3431: result: yes
configure:3438: checking how to recognise dependent libraries
configure:3621: result: pass_all
configure:3835: checking how to run the C preprocessor
configure:3870: gcc -E  conftest.c
configure:3876: $? = 0
configure:3908: gcc -E  conftest.c
conftest.c:11:28: ac_nonexistent.h: No such file or directory
configure:3914: $? = 1
configure: failed program was:
| /* confdefs.h.  */
| 
| #define PACKAGE_NAME "liblo"
| #define PACKAGE_TARNAME "liblo"
| #define PACKAGE_VERSION "0.16"
| #define PACKAGE_STRING "liblo 0.16"
| #define PACKAGE_BUGREPORT "steve@plugin.org.uk"
| #define PACKAGE "liblo"
| #define VERSION "0.16"
| /* end confdefs.h.  */
| #include <ac_nonexistent.h>
configure:3953: result: gcc -E
configure:3977: gcc -E  conftest.c
configure:3983: $? = 0
configure:4015: gcc -E  conftest.c
conftest.c:11:28: ac_nonexistent.h: No such file or directory
configure:4021: $? = 1
configure: failed program was:
| /* confdefs.h.  */
| 
| #define PACKAGE_NAME "liblo"
| #define PACKAGE_TARNAME "liblo"
| #define PACKAGE_VERSION "0.16"
| #define PACKAGE_STRING "liblo 0.16"
| #define PACKAGE_BUGREPORT "steve@plugin.org.uk"
| #define PACKAGE "liblo"
| #define VERSION "0.16"
| /* end confdefs.h.  */
| #include <ac_nonexistent.h>
configure:4065: checking for ANSI C header files
configure:4090: gcc -c -g -O2  conftest.c >&5
configure:4096: $? = 0
configure:4100: test -z 
			 || test ! -s conftest.err
configure:4103: $? = 0
configure:4106: test -s conftest.o
configure:4109: $? = 0
configure:4198: gcc -o conftest -g -O2   conftest.c  >&5
configure:4201: $? = 0
configure:4203: ./conftest
configure:4206: $? = 0
configure:4221: result: yes
configure:4245: checking for sys/types.h
configure:4261: gcc -c -g -O2  conftest.c >&5
configure:4267: $? = 0
configure:4271: test -z 
			 || test ! -s conftest.err
configure:4274: $? = 0
configure:4277: test -s conftest.o
configure:4280: $? = 0
configure:4291: result: yes
configure:4245: checking for sys/stat.h
configure:4261: gcc -c -g -O2  conftest.c >&5
configure:4267: $? = 0
configure:4271: test -z 
			 || test ! -s conftest.err
configure:4274: $? = 0
configure:4277: test -s conftest.o
configure:4280: $? = 0
configure:4291: result: yes
configure:4245: checking for stdlib.h
configure:4261: gcc -c -g -O2  conftest.c >&5
configure:4267: $? = 0
configure:4271: test -z 
			 || test ! -s conftest.err
configure:4274: $? = 0
configure:4277: test -s conftest.o
configure:4280: $? = 0
configure:4291: result: yes
configure:4245: checking for string.h
configure:4261: gcc -c -g -O2  conftest.c >&5
configure:4267: $? = 0
configure:4271: test -z 
			 || test ! -s conftest.err
configure:4274: $? = 0
configure:4277: test -s conftest.o
configure:4280: $? = 0
configure:4291: result: yes
configure:4245: checking for memory.h
configure:4261: gcc -c -g -O2  conftest.c >&5
configure:4267: $? = 0
configure:4271: test -z 
			 || test ! -s conftest.err
configure:4274: $? = 0
configure:4277: test -s conftest.o
configure:4280: $? = 0
configure:4291: result: yes
configure:4245: checking for strings.h
configure:4261: gcc -c -g -O2  conftest.c >&5
configure:4267: $? = 0
configure:4271: test -z 
			 || test ! -s conftest.err
configure:4274: $? = 0
configure:4277: test -s conftest.o
configure:4280: $? = 0
configure:4291: result: yes
configure:4245: checking for inttypes.h
configure:4261: gcc -c -g -O2  conftest.c >&5
configure:4267: $? = 0
configure:4271: test -z 
			 || test ! -s conftest.err
configure:4274: $? = 0
configure:4277: test -s conftest.o
configure:4280: $? = 0
configure:4291: result: yes
configure:4245: checking for stdint.h
configure:4261: gcc -c -g -O2  conftest.c >&5
configure:4267: $? = 0
configure:4271: test -z 
			 || test ! -s conftest.err
configure:4274: $? = 0
configure:4277: test -s conftest.o
configure:4280: $? = 0
configure:4291: result: yes
configure:4245: checking for unistd.h
configure:4261: gcc -c -g -O2  conftest.c >&5
configure:4267: $? = 0
configure:4271: test -z 
			 || test ! -s conftest.err
configure:4274: $? = 0
configure:4277: test -s conftest.o
configure:4280: $? = 0
configure:4291: result: yes
configure:4317: checking dlfcn.h usability
configure:4329: gcc -c -g -O2  conftest.c >&5
configure:4335: $? = 0
configure:4339: test -z 
			 || test ! -s conftest.err
configure:4342: $? = 0
configure:4345: test -s conftest.o
configure:4348: $? = 0
configure:4358: result: yes
configure:4362: checking dlfcn.h presence
configure:4372: gcc -E  conftest.c
configure:4378: $? = 0
configure:4398: result: yes
configure:4433: checking for dlfcn.h
configure:4440: result: yes
configure:4505: checking for g++
configure:4521: found /usr/bin/g++
configure:4531: result: g++
configure:4547: checking for C++ compiler version
configure:4550: g++ --version </dev/null >&5
g++ (GCC) 3.3.5 (Debian 1:3.3.5-5)
Copyright (C) 2003 Free Software Foundation, Inc.
This is free software; see the source for copying conditions.  There is NO
warranty; not even for MERCHANTABILITY or FITNESS FOR A PARTICULAR PURPOSE.

configure:4553: $? = 0
configure:4555: g++ -v </dev/null >&5
Reading specs from /usr/lib/gcc-lib/i486-linux/3.3.5/specs
Configured with: ../src/configure -v --enable-languages=c,c++,java,f77,pascal,objc,ada,treelang --prefix=/usr --mandir=/usr/share/man --infodir=/usr/share/info --with-gxx-include-dir=/usr/include/c++/3.3 --enable-shared --with-system-zlib --enable-nls --without-included-gettext --enable-__cxa_atexit --enable-clocale=gnu --enable-debug --enable-java-gc=boehm --enable-java-awt=xlib --enable-objc-gc i486-linux
Thread model: posix
gcc version 3.3.5 (Debian 1:3.3.5-5)
configure:4558: $? = 0
configure:4560: g++ -V </dev/null >&5
g++: `-V' option must have argument
configure:4563: $? = 1
configure:4566: checking whether we are using the GNU C++ compiler
configure:4590: g++ -c   conftest.cc >&5
configure:4596: $? = 0
configure:4600: test -z 
			 || test ! -s conftest.err
configure:4603: $? = 0
configure:4606: test -s conftest.o
configure:4609: $? = 0
configure:4622: result: yes
configure:4628: checking whether g++ accepts -g
configure:4649: g++ -c -g  conftest.cc >&5
configure:4655: $? = 0
configure:4659: test -z 
			 || test ! -s conftest.err
configure:4662: $? = 0
configure:4665: test -s conftest.o
configure:4668: $? = 0
configure:4679: result: yes
configure:4721: g++ -c -g -O2  conftest.cc >&5
configure:4727: $? = 0
configure:4731: test -z 
			 || test ! -s conftest.err
configure:4734: $? = 0
configure:4737: test -s conftest.o
configure:4740: $? = 0
configure:4766: g++ -c -g -O2  conftest.cc >&5
conftest.cc: In function `int main()':
conftest.cc:26: error: `exit' undeclared (first use this function)
conftest.cc:26: error: (Each undeclared identifier is reported only once for 
   each function it appears in.)
configure:4772: $? = 1
configure: failed program was:
| /* confdefs.h.  */
| 
| #define PACKAGE_NAME "liblo"
| #define PACKAGE_TARNAME "liblo"
| #define PACKAGE_VERSION "0.16"
| #define PACKAGE_STRING "liblo 0.16"
| #define PACKAGE_BUGREPORT "steve@plugin.org.uk"
| #define PACKAGE "liblo"
| #define VERSION "0.16"
| #define STDC_HEADERS 1
| #define HAVE_SYS_TYPES_H 1
| #define HAVE_SYS_STAT_H 1
| #define HAVE_STDLIB_H 1
| #define HAVE_STRING_H 1
| #define HAVE_MEMORY_H 1
| #define HAVE_STRINGS_H 1
| #define HAVE_INTTYPES_H 1
| #define HAVE_STDINT_H 1
| #define HAVE_UNISTD_H 1
| #define HAVE_DLFCN_H 1
| /* end confdefs.h.  */
| 
| int
| main ()
| {
| exit (42);
|   ;
|   return 0;
| }
configure:4721: g++ -c -g -O2  conftest.cc >&5
configure:4727: $? = 0
configure:4731: test -z 
			 || test ! -s conftest.err
configure:4734: $? = 0
configure:4737: test -s conftest.o
configure:4740: $? = 0
configure:4766: g++ -c -g -O2  conftest.cc >&5
configure:4772: $? = 0
configure:4776: test -z 
			 || test ! -s conftest.err
configure:4779: $? = 0
configure:4782: test -s conftest.o
configure:4785: $? = 0
configure:4810: checking dependency style of g++
configure:4895: result: gcc3
configure:4917: checking how to run the C++ preprocessor
configure:4948: g++ -E  conftest.cc
configure:4954: $? = 0
configure:4986: g++ -E  conftest.cc
conftest.cc:25:28: ac_nonexistent.h: No such file or directory
configure:4992: $? = 1
configure: failed program was:
| /* confdefs.h.  */
| 
| #define PACKAGE_NAME "liblo"
| #define PACKAGE_TARNAME "liblo"
| #define PACKAGE_VERSION "0.16"
| #define PACKAGE_STRING "liblo 0.16"
| #define PACKAGE_BUGREPORT "steve@plugin.org.uk"
| #define PACKAGE "liblo"
| #define VERSION "0.16"
| #define STDC_HEADERS 1
| #define HAVE_SYS_TYPES_H 1
| #define HAVE_SYS_STAT_H 1
| #define HAVE_STDLIB_H 1
| #define HAVE_STRING_H 1
| #define HAVE_MEMORY_H 1
| #define HAVE_STRINGS_H 1
| #define HAVE_INTTYPES_H 1
| #define HAVE_STDINT_H 1
| #define HAVE_UNISTD_H 1
| #define HAVE_DLFCN_H 1
| #ifdef __cplusplus
| extern "C" void std::exit (int) throw (); using std::exit;
| #endif
| /* end confdefs.h.  */
| #include <ac_nonexistent.h>
configure:5031: result: g++ -E
configure:5055: g++ -E  conftest.cc
configure:5061: $? = 0
configure:5093: g++ -E  conftest.cc
conftest.cc:25:28: ac_nonexistent.h: No such file or directory
configure:5099: $? = 1
configure: failed program was:
| /* confdefs.h.  */
| 
| #define PACKAGE_NAME "liblo"
| #define PACKAGE_TARNAME "liblo"
| #define PACKAGE_VERSION "0.16"
| #define PACKAGE_STRING "liblo 0.16"
| #define PACKAGE_BUGREPORT "steve@plugin.org.uk"
| #define PACKAGE "liblo"
| #define VERSION "0.16"
| #define STDC_HEADERS 1
| #define HAVE_SYS_TYPES_H 1
| #define HAVE_SYS_STAT_H 1
| #define HAVE_STDLIB_H 1
| #define HAVE_STRING_H 1
| #define HAVE_MEMORY_H 1
| #define HAVE_STRINGS_H 1
| #define HAVE_INTTYPES_H 1
| #define HAVE_STDINT_H 1
| #define HAVE_UNISTD_H 1
| #define HAVE_DLFCN_H 1
| #ifdef __cplusplus
| extern "C" void std::exit (int) throw (); using std::exit;
| #endif
| /* end confdefs.h.  */
| #include <ac_nonexistent.h>
configure:5194: checking for g77
configure:5223: result: no
configure:5194: checking for f77
configure:5223: result: no
configure:5194: checking for xlf
configure:5223: result: no
configure:5194: checking for frt
configure:5223: result: no
configure:5194: checking for pgf77
configure:5223: result: no
configure:5194: checking for fort77
configure:5223: result: no
configure:5194: checking for fl32
configure:5223: result: no
configure:5194: checking for af77
configure:5223: result: no
configure:5194: checking for f90
configure:5223: result: no
configure:5194: checking for xlf90
configure:5223: result: no
configure:5194: checking for pgf90
configure:5223: result: no
configure:5194: checking for epcf90
configure:5223: result: no
configure:5194: checking for f95
configure:5223: result: no
configure:5194: checking for fort
configure:5223: result: no
configure:5194: checking for xlf95
configure:5223: result: no
configure:5194: checking for ifc
configure:5223: result: no
configure:5194: checking for efc
configure:5223: result: no
configure:5194: checking for pgf95
configure:5223: result: no
configure:5194: checking for lf95
configure:5223: result: no
configure:5194: checking for gfortran
configure:5223: result: no
configure:5235: checking for Fortran 77 compiler version
configure:5238:  --version </dev/null >&5
./configure: line 5239: --version: command not found
configure:5241: $? = 127
configure:5243:  -v </dev/null >&5
./configure: line 5244: -v: command not found
configure:5246: $? = 127
configure:5248:  -V </dev/null >&5
./configure: line 5249: -V: command not found
configure:5251: $? = 127
configure:5259: checking whether we are using the GNU Fortran 77 compiler
configure:5273:  -c  conftest.F >&5
./configure: line 5274: -c: command not found
configure:5279: $? = 127
configure: failed program was:
|       program main
| #ifndef __GNUC__
|        choke me
| #endif
| 
|       end
configure:5305: result: no
configure:5311: checking whether  accepts -g
configure:5323:  -c -g conftest.f >&5
./configure: line 5324: -c: command not found
configure:5329: $? = 127
configure: failed program was:
|       program main
| 
|       end
configure:5354: result: no
configure:5384: checking the maximum length of command line arguments
configure:5449: result: 32768
configure:5460: checking command to parse /usr/bin/nm -B output from gcc object
configure:5549: gcc -c -g -O2  conftest.c >&5
configure:5552: $? = 0
configure:5556: /usr/bin/nm -B conftest.o \| sed -n -e 's/^.*[ 	]\([ABCDGIRSTW][ABCDGIRSTW]*\)[ 	][ 	]*\(\)\([_A-Za-z][_A-Za-z0-9]*\)$/\1 \2\3 \3/p' \> conftest.nm
configure:5559: $? = 0
configure:5611: gcc -o conftest -g -O2   conftest.c conftstm.o >&5
configure:5614: $? = 0
configure:5652: result: ok
configure:5656: checking for objdir
configure:5671: result: .libs
configure:5761: checking for ar
configure:5777: found /usr/bin/ar
configure:5788: result: ar
configure:5841: checking for ranlib
configure:5857: found /usr/bin/ranlib
configure:5868: result: ranlib
configure:5921: checking for strip
configure:5937: found /usr/bin/strip
configure:5948: result: strip
configure:6210: checking if gcc static flag  works
configure:6233: result: yes
configure:6251: checking if gcc supports -fno-rtti -fno-exceptions
configure:6269: gcc -c -g -O2  -fno-rtti -fno-exceptions conftest.c >&5
cc1: warning: "-fno-rtti" is valid for C++ but not for C/ObjC
configure:6273: $? = 0
configure:6284: result: no
configure:6299: checking for gcc option to produce PIC
configure:6476: result: -fPIC
configure:6484: checking if gcc PIC flag -fPIC works
configure:6502: gcc -c -g -O2  -fPIC -DPIC conftest.c >&5
configure:6506: $? = 0
configure:6517: result: yes
configure:6541: checking if gcc supports -c -o file.o
configure:6562: gcc -c -g -O2  -o out/conftest2.o conftest.c >&5
configure:6566: $? = 0
configure:6586: result: yes
configure:6612: checking whether the gcc linker (/usr/bin/ld) supports shared libraries
configure:7460: result: yes
configure:7486: checking whether -lc should be explicitly linked in
configure:7491: gcc -c -g -O2  conftest.c >&5
configure:7494: $? = 0
configure:7508: gcc -shared conftest.o  -v -Wl,-soname -Wl,conftest -o conftest 2\>\&1 \| grep  -lc  \>/dev/null 2\>\&1
configure:7511: $? = 0
configure:7523: result: no
configure:7531: checking dynamic linker characteristics
configure:8092: result: GNU/Linux ld.so
configure:8096: checking how to hardcode library paths into programs
configure:8121: result: immediate
configure:8135: checking whether stripping libraries is possible
configure:8140: result: yes
configure:8970: checking if libtool supports shared libraries
configure:8972: result: yes
configure:8975: checking whether to build shared libraries
configure:9033: result: yes
configure:9036: checking whether to build static libraries
configure:9040: result: no
configure:9132: creating libtool
configure:9679: checking for ld used by g++
configure:9746: result: /usr/bin/ld
configure:9755: checking if the linker (/usr/bin/ld) is GNU ld
configure:9770: result: yes
configure:9821: checking whether the g++ linker (/usr/bin/ld) supports shared libraries
configure:10649: result: yes
configure:10667: g++ -c -g -O2  conftest.cc >&5
configure:10670: $? = 0
configure:10766: checking for g++ option to produce PIC
configure:11018: result: -fPIC
configure:11026: checking if g++ PIC flag -fPIC works
configure:11044: g++ -c -g -O2  -fPIC -DPIC conftest.cc >&5
configure:11048: $? = 0
configure:11059: result: yes
configure:11083: checking if g++ supports -c -o file.o
configure:11104: g++ -c -g -O2  -o out/conftest2.o conftest.cc >&5
configure:11108: $? = 0
configure:11128: result: yes
configure:11154: checking whether the g++ linker (/usr/bin/ld) supports shared libraries
configure:11179: result: yes
configure:11250: checking dynamic linker characteristics
configure:11811: result: GNU/Linux ld.so
configure:11815: checking how to hardcode library paths into programs
configure:11840: result: immediate
configure:11854: checking whether stripping libraries is possible
configure:11859: result: yes
configure:19138: checking for doxygen
configure:19167: result: no
configure:19175: checking for pthread_create in -lpthread
configure:19205: gcc -o conftest -g -O2   conftest.c -lpthread   >&5
configure:19211: $? = 0
configure:19215: test -z 
			 || test ! -s conftest.err
configure:19218: $? = 0
configure:19221: test -s conftest
configure:19224: $? = 0
configure:19237: result: yes
configure:19248: checking for library containing recvfrom
configure:19278: gcc -o conftest -g -O2   conftest.c -lpthread  >&5
configure:19284: $? = 0
configure:19288: test -z 
			 || test ! -s conftest.err
configure:19291: $? = 0
configure:19294: test -s conftest
configure:19297: $? = 0
configure:19367: result: none required
configure:19376: checking for ANSI C header files
configure:19532: result: yes
configure:19561: checking netdb.h usability
configure:19573: gcc -c -g -O2  conftest.c >&5
configure:19579: $? = 0
configure:19583: test -z 
			 || test ! -s conftest.err
configure:19586: $? = 0
configure:19589: test -s conftest.o
configure:19592: $? = 0
configure:19602: result: yes
configure:19606: checking netdb.h presence
configure:19616: gcc -E  conftest.c
configure:19622: $? = 0
configure:19642: result: yes
configure:19677: checking for netdb.h
configure:19684: result: yes
configure:19561: checking netinet/in.h usability
configure:19573: gcc -c -g -O2  conftest.c >&5
configure:19579: $? = 0
configure:19583: test -z 
			 || test ! -s conftest.err
configure:19586: $? = 0
configure:19589: test -s conftest.o
configure:19592: $? = 0
configure:19602: result: yes
configure:19606: checking netinet/in.h presence
configure:19616: gcc -E  conftest.c
configure:19622: $? = 0
configure:19642: result: yes
configure:19677: checking for netinet/in.h
configure:19684: result: yes
configure:19552: checking for stdlib.h
configure:19557: result: yes
configure:19552: checking for string.h
configure:19557: result: yes
configure:19561: checking sys/socket.h usability
configure:19573: gcc -c -g -O2  conftest.c >&5
configure:19579: $? = 0
configure:19583: test -z 
			 || test ! -s conftest.err
configure:19586: $? = 0
configure:19589: test -s conftest.o
configure:19592: $? = 0
configure:19602: result: yes
configure:19606: checking sys/socket.h presence
configure:19616: gcc -E  conftest.c
configure:19622: $? = 0
configure:19642: result: yes
configure:19677: checking for sys/socket.h
configure:19684: result: yes
configure:19552: checking for unistd.h
configure:19557: result: yes
configure:19699: checking for an ANSI C-conforming const
configure:19766: gcc -c -g -O2  conftest.c >&5
configure:19772: $? = 0
configure:19776: test -z 
			 || test ! -s conftest.err
configure:19779: $? = 0
configure:19782: test -s conftest.o
configure:19785: $? = 0
configure:19796: result: yes
configure:19806: checking for size_t
configure:19830: gcc -c -g -O2  conftest.c >&5
configure:19836: $? = 0
configure:19840: test -z 
			 || test ! -s conftest.err
configure:19843: $? = 0
configure:19846: test -s conftest.o
configure:19849: $? = 0
configure:19860: result: yes
configure:19873: checking whether byte ordering is bigendian
configure:19900: gcc -c -g -O2  conftest.c >&5
configure:19906: $? = 0
configure:19910: test -z 
			 || test ! -s conftest.err
configure:19913: $? = 0
configure:19916: test -s conftest.o
configure:19919: $? = 0
configure:19943: gcc -c -g -O2  conftest.c >&5
conftest.c: In function `main':
conftest.c:40: error: `not' undeclared (first use in this function)
conftest.c:40: error: (Each undeclared identifier is reported only once
conftest.c:40: error: for each function it appears in.)
conftest.c:40: error: parse error before "big"
configure:19949: $? = 1
configure: failed program was:
| /* confdefs.h.  */
| 
| #define PACKAGE_NAME "liblo"
| #define PACKAGE_TARNAME "liblo"
| #define PACKAGE_VERSION "0.16"
| #define PACKAGE_STRING "liblo 0.16"
| #define PACKAGE_BUGREPORT "steve@plugin.org.uk"
| #define PACKAGE "liblo"
| #define VERSION "0.16"
| #define STDC_HEADERS 1
| #define HAVE_SYS_TYPES_H 1
| #define HAVE_SYS_STAT_H 1
| #define HAVE_STDLIB_H 1
| #define HAVE_STRING_H 1
| #define HAVE_MEMORY_H 1
| #define HAVE_STRINGS_H 1
| #define HAVE_INTTYPES_H 1
| #define HAVE_STDINT_H 1
| #define HAVE_UNISTD_H 1
| #define HAVE_DLFCN_H 1
| #ifdef __cplusplus
| extern "C" void std::exit (int) throw (); using std::exit;
| #endif
| #define HAVE_LIBPTHREAD 1
| #define STDC_HEADERS 1
| #define HAVE_NETDB_H 1
| #define HAVE_NETINET_IN_H 1
| #define HAVE_STDLIB_H 1
| #define HAVE_STRING_H 1
| #define HAVE_SYS_SOCKET_H 1
| #define HAVE_UNISTD_H 1
| /* end confdefs.h.  */
| #include <sys/types.h>
| #include <sys/param.h>
| 
| int
| main ()
| {
| #if BYTE_ORDER != BIG_ENDIAN
|  not big endian
| #endif
| 
|   ;
|   return 0;
| }
configure:20084: result: no
configure:20224: creating ./config.status

## ---------------------- ##
## Running config.status. ##
## ---------------------- ##

This file was extended by liblo config.status 0.16, which was
generated by GNU Autoconf 2.59.  Invocation command line was

  CONFIG_FILES    = 
  CONFIG_HEADERS  = 
  CONFIG_LINKS    = 
  CONFIG_COMMANDS = 
  $ ./config.status 

on yax

config.status:722: creating Makefile
config.status:722: creating src/Makefile
config.status:722: creating examples/Makefile
config.status:722: creating lo/Makefile
config.status:722: creating lo/lo_endian.h
config.status:722: creating liblo.pc
config.status:722: creating doc/Makefile
config.status:722: creating doc/reference.doxygen
config.status:826: creating config.h
config.status:1132: executing depfiles commands

## ---------------- ##
## Cache variables. ##
## ---------------- ##

ac_cv_build=i686-pc-linux-gnu
ac_cv_build_alias=i686-pc-linux-gnu
ac_cv_c_bigendian=no
ac_cv_c_compiler_gnu=yes
ac_cv_c_const=yes
ac_cv_cxx_compiler_gnu=yes
ac_cv_env_CC_set=
ac_cv_env_CC_value=
ac_cv_env_CFLAGS_set=
ac_cv_env_CFLAGS_value=
ac_cv_env_CPPFLAGS_set=
ac_cv_env_CPPFLAGS_value=
ac_cv_env_CPP_set=
ac_cv_env_CPP_value=
ac_cv_env_CXXCPP_set=
ac_cv_env_CXXCPP_value=
ac_cv_env_CXXFLAGS_set=
ac_cv_env_CXXFLAGS_value=
ac_cv_env_CXX_set=
ac_cv_env_CXX_value=
ac_cv_env_F77_set=
ac_cv_env_F77_value=
ac_cv_env_FFLAGS_set=
ac_cv_env_FFLAGS_value=
ac_cv_env_LDFLAGS_set=
ac_cv_env_LDFLAGS_value=
ac_cv_env_build_alias_set=
ac_cv_env_build_alias_value=
ac_cv_env_host_alias_set=
ac_cv_env_host_alias_value=
ac_cv_env_target_alias_set=
ac_cv_env_target_alias_value=
ac_cv_exeext=
ac_cv_f77_compiler_gnu=no
ac_cv_header_dlfcn_h=yes
ac_cv_header_inttypes_h=yes
ac_cv_header_memory_h=yes
ac_cv_header_netdb_h=yes
ac_cv_header_netinet_in_h=yes
ac_cv_header_stdc=yes
ac_cv_header_stdint_h=yes
ac_cv_header_stdlib_h=yes
ac_cv_header_string_h=yes
ac_cv_header_strings_h=yes
ac_cv_header_sys_socket_h=yes
ac_cv_header_sys_stat_h=yes
ac_cv_header_sys_types_h=yes
ac_cv_header_unistd_h=yes
ac_cv_host=i686-pc-linux-gnu
ac_cv_host_alias=i686-pc-linux-gnu
ac_cv_lib_pthread_pthread_create=yes
ac_cv_objext=o
ac_cv_path_install='/usr/bin/install -c'
ac_cv_prog_AWK=mawk
ac_cv_prog_CPP='gcc -E'
ac_cv_prog_CXXCPP='g++ -E'
ac_cv_prog_ac_ct_AR=ar
ac_cv_prog_ac_ct_CC=gcc
ac_cv_prog_ac_ct_CXX=g++
ac_cv_prog_ac_ct_RANLIB=ranlib
ac_cv_prog_ac_ct_STRIP=strip
ac_cv_prog_cc_g=yes
ac_cv_prog_cc_stdc=
ac_cv_prog_cxx_g=yes
ac_cv_prog_egrep='grep -E'
ac_cv_prog_f77_g=no
ac_cv_prog_make_make_set=yes
ac_cv_search_recvfrom='none required'
ac_cv_type_size_t=yes
am_cv_CC_dependencies_compiler_type=gcc3
am_cv_CXX_dependencies_compiler_type=gcc3
lt_cv_deplibs_check_method=pass_all
lt_cv_file_magic_cmd='$MAGIC_CMD'
lt_cv_file_magic_test_file='/lib/libc.so.6 /lib/libc-2.3.2.so'
lt_cv_ld_reload_flag=-r
lt_cv_objdir=.libs
lt_cv_path_LD=/usr/bin/ld
lt_cv_path_LDCXX=/usr/bin/ld
lt_cv_path_NM='/usr/bin/nm -B'
lt_cv_path_SED=/bin/sed
lt_cv_prog_compiler_c_o=yes
lt_cv_prog_compiler_c_o_CXX=yes
lt_cv_prog_compiler_rtti_exceptions=no
lt_cv_prog_gnu_ld=yes
lt_cv_prog_gnu_ldcxx=yes
lt_cv_sys_global_symbol_pipe='sed -n -e '\''s/^.*[ 	]\([ABCDGIRSTW][ABCDGIRSTW]*\)[ 	][ 	]*\(\)\([_A-Za-z][_A-Za-z0-9]*\)$/\1 \2\3 \3/p'\'''
lt_cv_sys_global_symbol_to_c_name_address='sed -n -e '\''s/^: \([^ ]*\) $/  {\"\1\", (lt_ptr) 0},/p'\'' -e '\''s/^[BCDEGRST] \([^ ]*\) \([^ ]*\)$/  {"\2", (lt_ptr) \&\2},/p'\'''
lt_cv_sys_global_symbol_to_cdecl='sed -n -e '\''s/^. .* \(.*\)$/extern int \1;/p'\'''
lt_cv_sys_max_cmd_len=32768
lt_lt_cv_prog_compiler_c_o='"yes"'
lt_lt_cv_prog_compiler_c_o_CXX='"yes"'
lt_lt_cv_sys_global_symbol_pipe='"sed -n -e '\''s/^.*[ 	]\\([ABCDGIRSTW][ABCDGIRSTW]*\\)[ 	][ 	]*\\(\\)\\([_A-Za-z][_A-Za-z0-9]*\\)\$/\\1 \\2\\3 \\3/p'\''"'
lt_lt_cv_sys_global_symbol_to_c_name_address='"sed -n -e '\''s/^: \\([^ ]*\\) \$/  {\\\"\\1\\\", (lt_ptr) 0},/p'\'' -e '\''s/^[BCDEGRST] \\([^ ]*\\) \\([^ ]*\\)\$/  {\"\\2\", (lt_ptr) \\&\\2},/p'\''"'
lt_lt_cv_sys_global_symbol_to_cdecl='"sed -n -e '\''s/^. .* \\(.*\\)\$/extern int \\1;/p'\''"'

## ----------------- ##
## Output variables. ##
## ----------------- ##

ACLOCAL='${SHELL} /yaxu/new/osc/liblo-0.16/missing --run aclocal-1.8'
AMDEPBACKSLASH='\'
AMDEP_FALSE='#'
AMDEP_TRUE=''
AMTAR='${SHELL} /yaxu/new/osc/liblo-0.16/missing --run tar'
AR='ar'
AUTOCONF='${SHELL} /yaxu/new/osc/liblo-0.16/missing --run autoconf'
AUTOHEADER='${SHELL} /yaxu/new/osc/liblo-0.16/missing --run autoheader'
AUTOMAKE='${SHELL} /yaxu/new/osc/liblo-0.16/missing --run automake-1.8'
AWK='mawk'
CC='gcc'
CCDEPMODE='depmode=gcc3'
CFLAGS='-g -O2'
CPP='gcc -E'
CPPFLAGS=''
CXX='g++'
CXXCPP='g++ -E'
CXXDEPMODE='depmode=gcc3'
CXXFLAGS='-g -O2'
CYGPATH_W='echo'
DEFS='-DHAVE_CONFIG_H'
DEPDIR='.deps'
DOXYGEN=''
ECHO='echo'
ECHO_C=''
ECHO_N='-n'
ECHO_T=''
EGREP='grep -E'
EXEEXT=''
F77=''
FFLAGS=''
INSTALL_DATA='${INSTALL} -m 644'
INSTALL_PROGRAM='${INSTALL}'
INSTALL_SCRIPT='${INSTALL}'
INSTALL_STRIP_PROGRAM='${SHELL} $(install_sh) -c -s'
LDFLAGS=''
LIBOBJS=''
LIBS='-lpthread '
LIBTOOL='$(SHELL) $(top_builddir)/libtool'
LN_S='ln -s'
LO_BIGENDIAN='0'
LO_SO_VERSION='4:0:4'
LTLIBOBJS=''
MAKEINFO='${SHELL} /yaxu/new/osc/liblo-0.16/missing --run makeinfo'
OBJEXT='o'
PACKAGE='liblo'
PACKAGE_BUGREPORT='steve@plugin.org.uk'
PACKAGE_NAME='liblo'
PACKAGE_STRING='liblo 0.16'
PACKAGE_TARNAME='liblo'
PACKAGE_VERSION='0.16'
PATH_SEPARATOR=':'
RANLIB='ranlib'
SET_MAKE=''
SHELL='/bin/sh'
STRIP='strip'
VERSION='0.16'
ac_ct_AR='ar'
ac_ct_CC='gcc'
ac_ct_CXX='g++'
ac_ct_F77=''
ac_ct_RANLIB='ranlib'
ac_ct_STRIP='strip'
am__fastdepCC_FALSE='#'
am__fastdepCC_TRUE=''
am__fastdepCXX_FALSE='#'
am__fastdepCXX_TRUE=''
am__include='include'
am__leading_dot='.'
am__quote=''
bindir='${exec_prefix}/bin'
build='i686-pc-linux-gnu'
build_alias=''
build_cpu='i686'
build_os='linux-gnu'
build_vendor='pc'
datadir='${prefix}/share'
exec_prefix='${prefix}'
host='i686-pc-linux-gnu'
host_alias=''
host_cpu='i686'
host_os='linux-gnu'
host_vendor='pc'
includedir='${prefix}/include'
infodir='${prefix}/info'
install_sh='/yaxu/new/osc/liblo-0.16/install-sh'
libdir='${exec_prefix}/lib'
libexecdir='${exec_prefix}/libexec'
localstatedir='${prefix}/var'
mandir='${prefix}/man'
mkdir_p='mkdir -p -- .'
oldincludedir='/usr/include'
prefix='/usr/local'
program_transform_name='s,x,x,'
sbindir='${exec_prefix}/sbin'
sharedstatedir='${prefix}/com'
sysconfdir='${prefix}/etc'
target_alias=''

## ----------- ##
## confdefs.h. ##
## ----------- ##

#define HAVE_DLFCN_H 1
#define HAVE_INTTYPES_H 1
#define HAVE_LIBPTHREAD 1
#define HAVE_MEMORY_H 1
#define HAVE_NETDB_H 1
#define HAVE_NETINET_IN_H 1
#define HAVE_STDINT_H 1
#define HAVE_STDLIB_H 1
#define HAVE_STDLIB_H 1
#define HAVE_STRINGS_H 1
#define HAVE_STRING_H 1
#define HAVE_STRING_H 1
#define HAVE_SYS_SOCKET_H 1
#define HAVE_SYS_STAT_H 1
#define HAVE_SYS_TYPES_H 1
#define HAVE_UNISTD_H 1
#define HAVE_UNISTD_H 1
#define LO_BIGENDIAN "0"
#define PACKAGE "liblo"
#define PACKAGE_BUGREPORT "steve@plugin.org.uk"
#define PACKAGE_NAME "liblo"
#define PACKAGE_STRING "liblo 0.16"
#define PACKAGE_TARNAME "liblo"
#define PACKAGE_VERSION "0.16"
#define STDC_HEADERS 1
#define STDC_HEADERS 1
#define VERSION "0.16"
#endif
#ifdef __cplusplus
extern "C" void std::exit (int) throw (); using std::exit;

configure: exit 0
